This is pdfTeX, Version 3.141592653-2.6-1.40.22 (TeX Live 2022/dev/Debian) (preloaded format=pdflatex 2025.6.29)  24 JUL 2025 01:35
entering extended mode
 restricted \write18 enabled.
 file:line:error style messages enabled.
 %&-line parsing enabled.
**/home/manohara/Projects/Design_and_analysis_of_radomes_for_next-generation_Radio_astronomy_experiments/Report/main.tex
(/home/manohara/Projects/Design_and_analysis_of_radomes_for_next-generation_Radio_astronomy_experiments/Report/main.tex
LaTeX2e <2021-11-15> patch level 1
L3 programming layer <2022-01-21> (/usr/share/texlive/texmf-dist/tex/latex/base/report.cls
Document Class: report 2021/10/04 v1.4n Standard LaTeX document class
(/usr/share/texlive/texmf-dist/tex/latex/base/size11.clo
File: size11.clo 2021/10/04 v1.4n Standard LaTeX file (size option)
)
\c@part=\count185
\c@chapter=\count186
\c@section=\count187
\c@subsection=\count188
\c@subsubsection=\count189
\c@paragraph=\count190
\c@subparagraph=\count191
\c@figure=\count192
\c@table=\count193
\abovecaptionskip=\skip47
\belowcaptionskip=\skip48
\bibindent=\dimen138
) (/usr/share/texlive/texmf-dist/tex/latex/base/inputenc.sty
Package: inputenc 2021/02/14 v1.3d Input encoding file
\inpenc@prehook=\toks16
\inpenc@posthook=\toks17
) (/usr/share/texlive/texmf-dist/tex/latex/booktabs/booktabs.sty
Package: booktabs 2020/01/12 v1.61803398 Publication quality tables
\heavyrulewidth=\dimen139
\lightrulewidth=\dimen140
\cmidrulewidth=\dimen141
\belowrulesep=\dimen142
\belowbottomsep=\dimen143
\aboverulesep=\dimen144
\abovetopsep=\dimen145
\cmidrulesep=\dimen146
\cmidrulekern=\dimen147
\defaultaddspace=\dimen148
\@cmidla=\count194
\@cmidlb=\count195
\@aboverulesep=\dimen149
\@belowrulesep=\dimen150
\@thisruleclass=\count196
\@lastruleclass=\count197
\@thisrulewidth=\dimen151
) (/usr/share/texlive/texmf-dist/tex/latex/graphics/graphicx.sty
Package: graphicx 2021/09/16 v1.2d Enhanced LaTeX Graphics (DPC,SPQR)
 (/usr/share/texlive/texmf-dist/tex/latex/graphics/keyval.sty
Package: keyval 2014/10/28 v1.15 key=value parser (DPC)
\KV@toks@=\toks18
) (/usr/share/texlive/texmf-dist/tex/latex/graphics/graphics.sty
Package: graphics 2021/03/04 v1.4d Standard LaTeX Graphics (DPC,SPQR)
 (/usr/share/texlive/texmf-dist/tex/latex/graphics/trig.sty
Package: trig 2021/08/11 v1.11 sin cos tan (DPC)
) (/usr/share/texlive/texmf-dist/tex/latex/graphics-cfg/graphics.cfg
File: graphics.cfg 2016/06/04 v1.11 sample graphics configuration
)
Package graphics Info: Driver file: pdftex.def on input line 107.
 (/usr/share/texlive/texmf-dist/tex/latex/graphics-def/pdftex.def
File: pdftex.def 2020/10/05 v1.2a Graphics/color driver for pdftex
))
\Gin@req@height=\dimen152
\Gin@req@width=\dimen153
) (/usr/share/texlive/texmf-dist/tex/latex/amsmath/amsmath.sty
Package: amsmath 2021/10/15 v2.17l AMS math features
\@mathmargin=\skip49

For additional information on amsmath, use the `?' option.
(/usr/share/texlive/texmf-dist/tex/latex/amsmath/amstext.sty
Package: amstext 2021/08/26 v2.01 AMS text
 (/usr/share/texlive/texmf-dist/tex/latex/amsmath/amsgen.sty
File: amsgen.sty 1999/11/30 v2.0 generic functions
\@emptytoks=\toks19
\ex@=\dimen154
)) (/usr/share/texlive/texmf-dist/tex/latex/amsmath/amsbsy.sty
Package: amsbsy 1999/11/29 v1.2d Bold Symbols
\pmbraise@=\dimen155
) (/usr/share/texlive/texmf-dist/tex/latex/amsmath/amsopn.sty
Package: amsopn 2021/08/26 v2.02 operator names
)
\inf@bad=\count198
LaTeX Info: Redefining \frac on input line 234.
\uproot@=\count199
\leftroot@=\count266
LaTeX Info: Redefining \overline on input line 399.
\classnum@=\count267
\DOTSCASE@=\count268
LaTeX Info: Redefining \ldots on input line 496.
LaTeX Info: Redefining \dots on input line 499.
LaTeX Info: Redefining \cdots on input line 620.
\Mathstrutbox@=\box50
\strutbox@=\box51
\big@size=\dimen156
LaTeX Font Info:    Redeclaring font encoding OML on input line 743.
LaTeX Font Info:    Redeclaring font encoding OMS on input line 744.
\macc@depth=\count269
\c@MaxMatrixCols=\count270
\dotsspace@=\muskip16
\c@parentequation=\count271
\dspbrk@lvl=\count272
\tag@help=\toks20
\row@=\count273
\column@=\count274
\maxfields@=\count275
\andhelp@=\toks21
\eqnshift@=\dimen157
\alignsep@=\dimen158
\tagshift@=\dimen159
\tagwidth@=\dimen160
\totwidth@=\dimen161
\lineht@=\dimen162
\@envbody=\toks22
\multlinegap=\skip50
\multlinetaggap=\skip51
\mathdisplay@stack=\toks23
LaTeX Info: Redefining \[ on input line 2938.
LaTeX Info: Redefining \] on input line 2939.
) (/usr/share/texlive/texmf-dist/tex/latex/amsfonts/amssymb.sty
Package: amssymb 2013/01/14 v3.01 AMS font symbols
 (/usr/share/texlive/texmf-dist/tex/latex/amsfonts/amsfonts.sty
Package: amsfonts 2013/01/14 v3.01 Basic AMSFonts support
\symAMSa=\mathgroup4
\symAMSb=\mathgroup5
LaTeX Font Info:    Redeclaring math symbol \hbar on input line 98.
LaTeX Font Info:    Overwriting math alphabet `\mathfrak' in version `bold'
(Font)                  U/euf/m/n --> U/euf/b/n on input line 106.
)) (/usr/share/texlive/texmf-dist/tex/latex/geometry/geometry.sty
Package: geometry 2020/01/02 v5.9 Page Geometry
 (/usr/share/texlive/texmf-dist/tex/generic/iftex/ifvtex.sty
Package: ifvtex 2019/10/25 v1.7 ifvtex legacy package. Use iftex instead.
 (/usr/share/texlive/texmf-dist/tex/generic/iftex/iftex.sty
Package: iftex 2020/03/06 v1.0d TeX engine tests
))
\Gm@cnth=\count276
\Gm@cntv=\count277
\c@Gm@tempcnt=\count278
\Gm@bindingoffset=\dimen163
\Gm@wd@mp=\dimen164
\Gm@odd@mp=\dimen165
\Gm@even@mp=\dimen166
\Gm@layoutwidth=\dimen167
\Gm@layoutheight=\dimen168
\Gm@layouthoffset=\dimen169
\Gm@layoutvoffset=\dimen170
\Gm@dimlist=\toks24
) (/usr/share/texlive/texmf-dist/tex/latex/fancyhdr/fancyhdr.sty
Package: fancyhdr 2021/01/28 v4.0.1 Extensive control of page headers and footers
\f@nch@headwidth=\skip52
\f@nch@O@elh=\skip53
\f@nch@O@erh=\skip54
\f@nch@O@olh=\skip55
\f@nch@O@orh=\skip56
\f@nch@O@elf=\skip57
\f@nch@O@erf=\skip58
\f@nch@O@olf=\skip59
\f@nch@O@orf=\skip60
) (/usr/share/texlive/texmf-dist/tex/latex/hyperref/hyperref.sty
Package: hyperref 2021-06-07 v7.00m Hypertext links for LaTeX
 (/usr/share/texlive/texmf-dist/tex/generic/ltxcmds/ltxcmds.sty
Package: ltxcmds 2020-05-10 v1.25 LaTeX kernel commands for general use (HO)
) (/usr/share/texlive/texmf-dist/tex/generic/pdftexcmds/pdftexcmds.sty
Package: pdftexcmds 2020-06-27 v0.33 Utility functions of pdfTeX for LuaTeX (HO)
 (/usr/share/texlive/texmf-dist/tex/generic/infwarerr/infwarerr.sty
Package: infwarerr 2019/12/03 v1.5 Providing info/warning/error messages (HO)
)
Package pdftexcmds Info: \pdf@primitive is available.
Package pdftexcmds Info: \pdf@ifprimitive is available.
Package pdftexcmds Info: \pdfdraftmode found.
) (/usr/share/texlive/texmf-dist/tex/generic/kvsetkeys/kvsetkeys.sty
Package: kvsetkeys 2019/12/15 v1.18 Key value parser (HO)
) (/usr/share/texlive/texmf-dist/tex/generic/kvdefinekeys/kvdefinekeys.sty
Package: kvdefinekeys 2019-12-19 v1.6 Define keys (HO)
) (/usr/share/texlive/texmf-dist/tex/generic/pdfescape/pdfescape.sty
Package: pdfescape 2019/12/09 v1.15 Implements pdfTeX's escape features (HO)
) (/usr/share/texlive/texmf-dist/tex/latex/hycolor/hycolor.sty
Package: hycolor 2020-01-27 v1.10 Color options for hyperref/bookmark (HO)
) (/usr/share/texlive/texmf-dist/tex/latex/letltxmacro/letltxmacro.sty
Package: letltxmacro 2019/12/03 v1.6 Let assignment for LaTeX macros (HO)
) (/usr/share/texlive/texmf-dist/tex/latex/auxhook/auxhook.sty
Package: auxhook 2019-12-17 v1.6 Hooks for auxiliary files (HO)
) (/usr/share/texlive/texmf-dist/tex/latex/kvoptions/kvoptions.sty
Package: kvoptions 2020-10-07 v3.14 Key value format for package options (HO)
)
\@linkdim=\dimen171
\Hy@linkcounter=\count279
\Hy@pagecounter=\count280
 (/usr/share/texlive/texmf-dist/tex/latex/hyperref/pd1enc.def
File: pd1enc.def 2021-06-07 v7.00m Hyperref: PDFDocEncoding definition (HO)
Now handling font encoding PD1 ...
... no UTF-8 mapping file for font encoding PD1
) (/usr/share/texlive/texmf-dist/tex/latex/hyperref/hyperref-langpatches.def
File: hyperref-langpatches.def 2021-06-07 v7.00m Hyperref: patches for babel languages
) (/usr/share/texlive/texmf-dist/tex/generic/intcalc/intcalc.sty
Package: intcalc 2019/12/15 v1.3 Expandable calculations with integers (HO)
) (/usr/share/texlive/texmf-dist/tex/generic/etexcmds/etexcmds.sty
Package: etexcmds 2019/12/15 v1.7 Avoid name clashes with e-TeX commands (HO)
)
\Hy@SavedSpaceFactor=\count281
 (/usr/share/texlive/texmf-dist/tex/latex/hyperref/puenc.def
File: puenc.def 2021-06-07 v7.00m Hyperref: PDF Unicode definition (HO)
Now handling font encoding PU ...
... no UTF-8 mapping file for font encoding PU
)
Package hyperref Info: Hyper figures OFF on input line 4192.
Package hyperref Info: Link nesting OFF on input line 4197.
Package hyperref Info: Hyper index ON on input line 4200.
Package hyperref Info: Plain pages OFF on input line 4207.
Package hyperref Info: Backreferencing OFF on input line 4212.
Package hyperref Info: Implicit mode ON; LaTeX internals redefined.
Package hyperref Info: Bookmarks ON on input line 4445.
\c@Hy@tempcnt=\count282
 (/usr/share/texlive/texmf-dist/tex/latex/url/url.sty
\Urlmuskip=\muskip17
Package: url 2013/09/16  ver 3.4  Verb mode for urls, etc.
)
LaTeX Info: Redefining \url on input line 4804.
\XeTeXLinkMargin=\dimen172
 (/usr/share/texlive/texmf-dist/tex/generic/bitset/bitset.sty
Package: bitset 2019/12/09 v1.3 Handle bit-vector datatype (HO)
 (/usr/share/texlive/texmf-dist/tex/generic/bigintcalc/bigintcalc.sty
Package: bigintcalc 2019/12/15 v1.5 Expandable calculations on big integers (HO)
))
\Fld@menulength=\count283
\Field@Width=\dimen173
\Fld@charsize=\dimen174
Package hyperref Info: Hyper figures OFF on input line 6076.
Package hyperref Info: Link nesting OFF on input line 6081.
Package hyperref Info: Hyper index ON on input line 6084.
Package hyperref Info: backreferencing OFF on input line 6091.
Package hyperref Info: Link coloring OFF on input line 6096.
Package hyperref Info: Link coloring with OCG OFF on input line 6101.
Package hyperref Info: PDF/A mode OFF on input line 6106.
LaTeX Info: Redefining \ref on input line 6146.
LaTeX Info: Redefining \pageref on input line 6150.
 (/usr/share/texlive/texmf-dist/tex/latex/base/atbegshi-ltx.sty
Package: atbegshi-ltx 2021/01/10 v1.0c Emulation of the original atbegshi
package with kernel methods
)
\Hy@abspage=\count284
\c@Item=\count285
\c@Hfootnote=\count286
)
Package hyperref Info: Driver (autodetected): hpdftex.
 (/usr/share/texlive/texmf-dist/tex/latex/hyperref/hpdftex.def
File: hpdftex.def 2021-06-07 v7.00m Hyperref driver for pdfTeX
 (/usr/share/texlive/texmf-dist/tex/latex/base/atveryend-ltx.sty
Package: atveryend-ltx 2020/08/19 v1.0a Emulation of the original atveryend package
with kernel methods
)
\Fld@listcount=\count287
\c@bookmark@seq@number=\count288
 (/usr/share/texlive/texmf-dist/tex/latex/rerunfilecheck/rerunfilecheck.sty
Package: rerunfilecheck 2019/12/05 v1.9 Rerun checks for auxiliary files (HO)
 (/usr/share/texlive/texmf-dist/tex/generic/uniquecounter/uniquecounter.sty
Package: uniquecounter 2019/12/15 v1.4 Provide unlimited unique counter (HO)
)
Package uniquecounter Info: New unique counter `rerunfilecheck' on input line 286.
)
\Hy@SectionHShift=\skip61
) (/usr/share/texlive/texmf-dist/tex/latex/float/float.sty
Package: float 2001/11/08 v1.3d Float enhancements (AL)
\c@float@type=\count289
\float@exts=\toks25
\float@box=\box52
\@float@everytoks=\toks26
\@floatcapt=\box53
) (/usr/share/texlive/texmf-dist/tex/latex/setspace/setspace.sty
Package: setspace 2011/12/19 v6.7a set line spacing
) (/usr/share/texlive/texmf-dist/tex/latex/eso-pic/eso-pic.sty
Package: eso-pic 2020/10/14 v3.0a eso-pic (RN)
\ESO@tempdima=\dimen175
\ESO@tempdimb=\dimen176
 (/usr/share/texlive/texmf-dist/tex/latex/xcolor/xcolor.sty
Package: xcolor 2021/10/31 v2.13 LaTeX color extensions (UK)
 (/usr/share/texlive/texmf-dist/tex/latex/graphics-cfg/color.cfg
File: color.cfg 2016/01/02 v1.6 sample color configuration
)
Package xcolor Info: Driver file: pdftex.def on input line 227.
Package xcolor Info: Model `cmy' substituted by `cmy0' on input line 1352.
Package xcolor Info: Model `hsb' substituted by `rgb' on input line 1356.
Package xcolor Info: Model `RGB' extended on input line 1368.
Package xcolor Info: Model `HTML' substituted by `rgb' on input line 1370.
Package xcolor Info: Model `Hsb' substituted by `hsb' on input line 1371.
Package xcolor Info: Model `tHsb' substituted by `hsb' on input line 1372.
Package xcolor Info: Model `HSB' substituted by `hsb' on input line 1373.
Package xcolor Info: Model `Gray' substituted by `gray' on input line 1374.
Package xcolor Info: Model `wave' substituted by `hsb' on input line 1375.
)) (/usr/share/texlive/texmf-dist/tex/latex/l3backend/l3backend-pdftex.def
File: l3backend-pdftex.def 2022-01-12 L3 backend support: PDF output (pdfTeX)
\l__color_backend_stack_int=\count290
\l__pdf_internal_box=\box54
) (./main.aux)
\openout1 = `main.aux'.

LaTeX Font Info:    Checking defaults for OML/cmm/m/it on input line 34.
LaTeX Font Info:    ... okay on input line 34.
LaTeX Font Info:    Checking defaults for OMS/cmsy/m/n on input line 34.
LaTeX Font Info:    ... okay on input line 34.
LaTeX Font Info:    Checking defaults for OT1/cmr/m/n on input line 34.
LaTeX Font Info:    ... okay on input line 34.
LaTeX Font Info:    Checking defaults for T1/cmr/m/n on input line 34.
LaTeX Font Info:    ... okay on input line 34.
LaTeX Font Info:    Checking defaults for TS1/cmr/m/n on input line 34.
LaTeX Font Info:    ... okay on input line 34.
LaTeX Font Info:    Checking defaults for OMX/cmex/m/n on input line 34.
LaTeX Font Info:    ... okay on input line 34.
LaTeX Font Info:    Checking defaults for U/cmr/m/n on input line 34.
LaTeX Font Info:    ... okay on input line 34.
LaTeX Font Info:    Checking defaults for PD1/pdf/m/n on input line 34.
LaTeX Font Info:    ... okay on input line 34.
LaTeX Font Info:    Checking defaults for PU/pdf/m/n on input line 34.
LaTeX Font Info:    ... okay on input line 34.
 (/usr/share/texlive/texmf-dist/tex/context/base/mkii/supp-pdf.mkii
[Loading MPS to PDF converter (version 2006.09.02).]
\scratchcounter=\count291
\scratchdimen=\dimen177
\scratchbox=\box55
\nofMPsegments=\count292
\nofMParguments=\count293
\everyMPshowfont=\toks27
\MPscratchCnt=\count294
\MPscratchDim=\dimen178
\MPnumerator=\count295
\makeMPintoPDFobject=\count296
\everyMPtoPDFconversion=\toks28
) (/usr/share/texlive/texmf-dist/tex/latex/epstopdf-pkg/epstopdf-base.sty
Package: epstopdf-base 2020-01-24 v2.11 Base part for package epstopdf
Package epstopdf-base Info: Redefining graphics rule for `.eps' on input line 485.
 (/usr/share/texlive/texmf-dist/tex/latex/latexconfig/epstopdf-sys.cfg
File: epstopdf-sys.cfg 2010/07/13 v1.3 Configuration of (r)epstopdf for TeX Live
))
*geometry* driver: auto-detecting
*geometry* detected driver: pdftex
*geometry* verbose mode - [ preamble ] result:
* driver: pdftex
* paper: a4paper
* layout: <same size as paper>
* layoutoffset:(h,v)=(0.0pt,0.0pt)
* modes: 
* h-part:(L,W,R)=(72.26999pt, 452.9679pt, 72.26999pt)
* v-part:(T,H,B)=(72.26999pt, 700.50687pt, 72.26999pt)
* \paperwidth=597.50787pt
* \paperheight=845.04684pt
* \textwidth=452.9679pt
* \textheight=700.50687pt
* \oddsidemargin=0.0pt
* \evensidemargin=0.0pt
* \topmargin=-37.0pt
* \headheight=14.0pt
* \headsep=25.0pt
* \topskip=11.0pt
* \footskip=30.0pt
* \marginparwidth=50.0pt
* \marginparsep=10.0pt
* \columnsep=10.0pt
* \skip\footins=10.0pt plus 4.0pt minus 2.0pt
* \hoffset=0.0pt
* \voffset=0.0pt
* \mag=1000
* \@twocolumnfalse
* \@twosidefalse
* \@mparswitchfalse
* \@reversemarginfalse
* (1in=72.27pt=25.4mm, 1cm=28.453pt)

Package hyperref Info: Link coloring OFF on input line 34.
(/usr/share/texlive/texmf-dist/tex/latex/hyperref/nameref.sty
Package: nameref 2021-04-02 v2.47 Cross-referencing by name of section
 (/usr/share/texlive/texmf-dist/tex/latex/refcount/refcount.sty
Package: refcount 2019/12/15 v3.6 Data extraction from label references (HO)
) (/usr/share/texlive/texmf-dist/tex/generic/gettitlestring/gettitlestring.sty
Package: gettitlestring 2019/12/15 v1.6 Cleanup title references (HO)
)
\c@section@level=\count297
)
LaTeX Info: Redefining \ref on input line 34.
LaTeX Info: Redefining \pageref on input line 34.
LaTeX Info: Redefining \nameref on input line 34.
 (./main.out) (./main.out)
\@outlinefile=\write3
\openout3 = `main.out'.

LaTeX Font Info:    Trying to load font information for U+msa on input line 41.
 (/usr/share/texlive/texmf-dist/tex/latex/amsfonts/umsa.fd
File: umsa.fd 2013/01/14 v3.01 AMS symbols A
)
LaTeX Font Info:    Trying to load font information for U+msb on input line 41.
 (/usr/share/texlive/texmf-dist/tex/latex/amsfonts/umsb.fd
File: umsb.fd 2013/01/14 v3.01 AMS symbols B
)
<figures/cover1.png, id=168, 1027.84pt x 1541.76pt>
File: figures/cover1.png Graphic file (type png)
<use figures/cover1.png>
Package pdftex.def Info: figures/cover1.png  used on input line 41.
(pdftex.def)             Requested size: 597.51208pt x 845.02997pt.
 [1

 <./figures/cover1.png (PNG copy)>]pdfTeX warning (ext4): destination with the same identifier (name{page.1}) has been already used, duplicate ignored
<to be read again> 
                   \relax 
l.46 \newpage
              [1

] [2

{/var/lib/texmf/fonts/map/pdftex/updmap/pdftex.map}] [3

] [4

] (./main.toc [5

])
\tf@toc=\write4
\openout4 = `main.toc'.

 [6] (./main.lof)
\tf@lof=\write5
\openout5 = `main.lof'.

 [7

] (./main.lot)
\tf@lot=\write6
\openout6 = `main.lot'.

 [8

] [9

] (./chapters/intro.tex
Chapter 1.
) (./chapters/theory.tex [10

]
Chapter 2.
<figures/dipole.png, id=353, 509.905pt x 710.655pt>
File: figures/dipole.png Graphic file (type png)
<use figures/dipole.png>
Package pdftex.def Info: figures/dipole.png  used on input line 21.
(pdftex.def)             Requested size: 339.72592pt x 473.50136pt.
[11

] [12pdfTeX warning (ext4): destination with the same identifier (name{figure.2.1}) has been already used, duplicate ignored
<argument> ...shipout:D \box_use:N \l_shipout_box 
                                                  \__shipout_drop_firstpage_...
l.40     \]
            <./figures/dipole.png>]
<figures/lobe.png, id=370, 1022.82124pt x 499.8675pt>
File: figures/lobe.png Graphic file (type png)
<use figures/lobe.png>
Package pdftex.def Info: figures/lobe.png  used on input line 65.
(pdftex.def)             Requested size: 317.07614pt x 154.95732pt.
 [13pdfTeX warning (ext4): destination with the same identifier (name{figure.2.2}) has been already used, duplicate ignored
<argument> ...shipout:D \box_use:N \l_shipout_box 
                                                  \__shipout_drop_firstpage_...
l.75     \item \textbf
                      {HPBW (Half Power Beam Width)}: <./figures/lobe.png>]
<figures/radiation.png, id=379, 508.90125pt x 699.61375pt>
File: figures/radiation.png Graphic file (type png)
<use figures/radiation.png>
Package pdftex.def Info: figures/radiation.png  used on input line 106.
(pdftex.def)             Requested size: 271.7835pt x 373.64381pt.
 [14]) (./chapters/radome.tex [15pdfTeX warning (ext4): destination with the same identifier (name{figure.2.3}) has been already used, duplicate ignored
<argument> ...shipout:D \box_use:N \l_shipout_box 
                                                  \__shipout_drop_firstpage_...
l.1 \chapter
            {Radomes} <./figures/radiation.png>]
Chapter 3.
[16

]
<figures/flat.png, id=396, 1305.87875pt x 518.93875pt>
File: figures/flat.png Graphic file (type png)
<use figures/flat.png>
Package pdftex.def Info: figures/flat.png  used on input line 77.
(pdftex.def)             Requested size: 407.66833pt x 162.00168pt.
 [17]) (./chapters/mspa.tex [18pdfTeX warning (ext4): destination with the same identifier (name{figure.3.1}) has been already used, duplicate ignored
<argument> ...shipout:D \box_use:N \l_shipout_box 
                                                  \__shipout_drop_firstpage_...
l.1 \chapter
            {Microstrip Patch Antennas} <./figures/flat.png>]
Chapter 4.
[19

]
<figures/mspa_no_inset.png, id=421, 474.77374pt x 243.91125pt>
File: figures/mspa_no_inset.png Graphic file (type png)
<use figures/mspa_no_inset.png>
Package pdftex.def Info: figures/mspa_no_inset.png  used on input line 62.
(pdftex.def)             Requested size: 452.9679pt x 232.71924pt.
 [20]
<figures/inset.png, id=428, 447.6725pt x 216.81pt>
File: figures/inset.png Graphic file (type png)
<use figures/inset.png>
Package pdftex.def Info: figures/inset.png  used on input line 86.
(pdftex.def)             Requested size: 452.9679pt x 219.37996pt.
 [21pdfTeX warning (ext4): destination with the same identifier (name{figure.4.1}) has been already used, duplicate ignored
<argument> ...shipout:D \box_use:N \l_shipout_box 
                                                  \__shipout_drop_firstpage_...
l.91 
      <./figures/mspa_no_inset.png>]) (./chapters/simulation.tex [22pdfTeX warning (ext4): destination with the same identifier (name{figure.4.2}) has been already used, duplicate ignored
<argument> ...shipout:D \box_use:N \l_shipout_box 
                                                  \__shipout_drop_firstpage_...
l.1 \chapter
            {Simulation Setup and Methodology} <./figures/inset.png>]
Chapter 5.
[23

pdfTeX warning (ext4): destination with the same identifier (name{table.5.1}) has been already used, duplicate ignored
<argument> ...shipout:D \box_use:N \l_shipout_box 
                                                  \__shipout_drop_firstpage_...
l.60     \item S
                olution sweep over frequency range to obtain $S_{11}$ and ga...] [24pdfTeX warning (ext4): destination with the same identifier (name{table.5.2}) has been already used, duplicate ignored
<argument> ...shipout:D \box_use:N \l_shipout_box 
                                                  \__shipout_drop_firstpage_...
l.113 \end{enumerate}
                     ]) (./chapters/results.tex [25pdfTeX warning (ext4): destination with the same identifier (name{table.5.3}) has been already used, duplicate ignored
<argument> ...shipout:D \box_use:N \l_shipout_box 
                                                  \__shipout_drop_firstpage_...
l.1 \chapter
            {Results}]
Chapter 6.
<figures/without_radome/s11.jpeg, id=470, 1589.94pt x 652.4375pt>
File: figures/without_radome/s11.jpeg Graphic file (type jpg)
<use figures/without_radome/s11.jpeg>
Package pdftex.def Info: figures/without_radome/s11.jpeg  used on input line 17.
(pdftex.def)             Requested size: 452.9679pt x 185.87692pt.
<figures/without_radome/VSWR.jpeg, id=472, 1589.94pt x 652.4375pt>
File: figures/without_radome/VSWR.jpeg Graphic file (type jpg)
<use figures/without_radome/VSWR.jpeg>
Package pdftex.def Info: figures/without_radome/VSWR.jpeg  used on input line 26.
(pdftex.def)             Requested size: 452.9679pt x 185.87692pt.
[26

pdfTeX warning (ext4): destination with the same identifier (name{figure.6.1}) has been already used, duplicate ignored
<argument> ...shipout:D \box_use:N \l_shipout_box 
                                                  \__shipout_drop_firstpage_...
l.30 
      <./figures/without_radome/s11.jpeg>]
<figures/without_radome/gain plot.jpeg, id=478, 1589.94pt x 652.4375pt>
File: figures/without_radome/gain plot.jpeg Graphic file (type jpg)
<use figures/without_radome/gain plot.jpeg>
Package pdftex.def Info: figures/without_radome/gain plot.jpeg  used on input line 37.
(pdftex.def)             Requested size: 452.9679pt x 185.87692pt.
<figures/without_radome/Gain.jpeg, id=480, 1589.94pt x 652.4375pt>
File: figures/without_radome/Gain.jpeg Graphic file (type jpg)
<use figures/without_radome/Gain.jpeg>
Package pdftex.def Info: figures/without_radome/Gain.jpeg  used on input line 46.
(pdftex.def)             Requested size: 452.9679pt x 185.87692pt.
 [27pdfTeX warning (ext4): destination with the same identifier (name{figure.6.2}) has been already used, duplicate ignored
<argument> ...shipout:D \box_use:N \l_shipout_box 
                                                  \__shipout_drop_firstpage_...
l.50 
     pdfTeX warning (ext4): destination with the same identifier (name{figure.6.3}) has been already used, duplicate ignored
<argument> ...shipout:D \box_use:N \l_shipout_box 
                                                  \__shipout_drop_firstpage_...
l.50 
      <./figures/without_radome/VSWR.jpeg> <./figures/without_radome/gain plot.jpeg>]
<figures/without_radome/co.jpeg, id=486, 1589.94pt x 857.2025pt>
File: figures/without_radome/co.jpeg Graphic file (type jpg)
<use figures/without_radome/co.jpeg>
Package pdftex.def Info: figures/without_radome/co.jpeg  used on input line 57.
(pdftex.def)             Requested size: 452.9679pt x 244.21368pt.
<figures/without_radome/cross.jpeg, id=487, 1589.94pt x 857.2025pt>
File: figures/without_radome/cross.jpeg Graphic file (type jpg)
<use figures/without_radome/cross.jpeg>
Package pdftex.def Info: figures/without_radome/cross.jpeg  used on input line 64.
(pdftex.def)             Requested size: 452.9679pt x 244.21368pt.
 [28pdfTeX warning (ext4): destination with the same identifier (name{figure.6.4}) has been already used, duplicate ignored
<argument> ...shipout:D \box_use:N \l_shipout_box 
                                                  \__shipout_drop_firstpage_...
l.68 
     pdfTeX warning (ext4): destination with the same identifier (name{figure.6.5}) has been already used, duplicate ignored
<argument> ...shipout:D \box_use:N \l_shipout_box 
                                                  \__shipout_drop_firstpage_...
l.68 
      <./figures/without_radome/Gain.jpeg> <./figures/without_radome/Co.jpeg>]
<figures/without_radome/rE.jpeg, id=495, 1589.94pt x 652.4375pt>
File: figures/without_radome/rE.jpeg Graphic file (type jpg)
<use figures/without_radome/rE.jpeg>
Package pdftex.def Info: figures/without_radome/rE.jpeg  used on input line 75.
(pdftex.def)             Requested size: 452.9679pt x 185.87692pt.
 [29pdfTeX warning (ext4): destination with the same identifier (name{figure.6.6}) has been already used, duplicate ignored
<argument> ...shipout:D \box_use:N \l_shipout_box 
                                                  \__shipout_drop_firstpage_...
l.81 
     pdfTeX warning (ext4): destination with the same identifier (name{figure.6.7}) has been already used, duplicate ignored
<argument> ...shipout:D \box_use:N \l_shipout_box 
                                                  \__shipout_drop_firstpage_...
l.81 
      <./figures/without_radome/Cross.jpeg> <./figures/without_radome/rE.jpeg>]
<figures/parametric_sweep/best parameter.jpeg, id=501, 1589.94pt x 888.31876pt>
File: figures/parametric_sweep/best parameter.jpeg Graphic file (type jpg)
<use figures/parametric_sweep/best parameter.jpeg>
Package pdftex.def Info: figures/parametric_sweep/best parameter.jpeg  used on input line 86.
(pdftex.def)             Requested size: 452.9679pt x 253.0786pt.
<figures/parametric_sweep/parametric analysis.jpeg, id=503, 1589.94pt x 888.31876pt>
File: figures/parametric_sweep/parametric analysis.jpeg Graphic file (type jpg)
<use figures/parametric_sweep/parametric analysis.jpeg>
Package pdftex.def Info: figures/parametric_sweep/parametric analysis.jpeg  used on input line 95.
(pdftex.def)             Requested size: 452.9679pt x 253.0786pt.
 [30pdfTeX warning (ext4): destination with the same identifier (name{figure.6.8}) has been already used, duplicate ignored
<argument> ...shipout:D \box_use:N \l_shipout_box 
                                                  \__shipout_drop_firstpage_...
l.99 
      <./figures/parametric_sweep/best parameter.jpeg>]
<figures/parametric_sweep/Radome distance (E plane).jpeg, id=510, 1589.94pt x 621.32124pt>
File: figures/parametric_sweep/Radome distance (E plane).jpeg Graphic file (type jpg)
<use figures/parametric_sweep/Radome distance (E plane).jpeg>
Package pdftex.def Info: figures/parametric_sweep/Radome distance (E plane).jpeg  used on input line 113.
(pdftex.def)             Requested size: 452.9679pt x 177.01202pt.
<figures/parametric_sweep/radome distance (H plane).jpeg, id=511, 1589.94pt x 621.32124pt>
File: figures/parametric_sweep/radome distance (H plane).jpeg Graphic file (type jpg)
<use figures/parametric_sweep/radome distance (H plane).jpeg>
Package pdftex.def Info: figures/parametric_sweep/radome distance (H plane).jpeg  used on input line 120.
(pdftex.def)             Requested size: 452.9679pt x 177.01202pt.
 [31pdfTeX warning (ext4): destination with the same identifier (name{figure.6.9}) has been already used, duplicate ignored
<argument> ...shipout:D \box_use:N \l_shipout_box 
                                                  \__shipout_drop_firstpage_...
l.124 
      pdfTeX warning (ext4): destination with the same identifier (name{figure.6.10}) has been already used, duplicate ignored
<argument> ...shipout:D \box_use:N \l_shipout_box 
                                                  \__shipout_drop_firstpage_...
l.124 
       <./figures/parametric_sweep/parametric analysis.jpeg> <./figures/parametric_sweep/Radome distance (E plane).jpeg>]
<figures/with_radome/gain plot.jpeg, id=518, 1589.94pt x 621.32124pt>
File: figures/with_radome/gain plot.jpeg Graphic file (type jpg)
<use figures/with_radome/gain plot.jpeg>
Package pdftex.def Info: figures/with_radome/gain plot.jpeg  used on input line 133.
(pdftex.def)             Requested size: 452.9679pt x 177.01202pt.
<figures/comparison_flat_radome/s11.png, id=520, 578.16pt x 433.62pt>
File: figures/comparison_flat_radome/s11.png Graphic file (type png)
<use figures/comparison_flat_radome/s11.png>
Package pdftex.def Info: figures/comparison_flat_radome/s11.png  used on input line 144.
(pdftex.def)             Requested size: 452.9679pt x 339.72418pt.
 [32pdfTeX warning (ext4): destination with the same identifier (name{figure.6.11}) has been already used, duplicate ignored
<argument> ...shipout:D \box_use:N \l_shipout_box 
                                                  \__shipout_drop_firstpage_...
l.148 
      pdfTeX warning (ext4): destination with the same identifier (name{figure.6.12}) has been already used, duplicate ignored
<argument> ...shipout:D \box_use:N \l_shipout_box 
                                                  \__shipout_drop_firstpage_...
l.148 
       <./figures/parametric_sweep/radome distance (H plane).jpeg> <./figures/with_radome/gain plot.jpeg>]
<figures/comparison_flat_radome/vswr.png, id=526, 578.16pt x 433.62pt>
File: figures/comparison_flat_radome/vswr.png Graphic file (type png)
<use figures/comparison_flat_radome/vswr.png>
Package pdftex.def Info: figures/comparison_flat_radome/vswr.png  used on input line 153.
(pdftex.def)             Requested size: 452.9679pt x 339.72418pt.
 [33pdfTeX warning (ext4): destination with the same identifier (name{figure.6.13}) has been already used, duplicate ignored
<argument> ...shipout:D \box_use:N \l_shipout_box 
                                                  \__shipout_drop_firstpage_...
l.157 
       <./figures/comparison_flat_radome/s11.png>]
<figures/comparison_flat_radome/gainE_3_GHz.png, id=533, 578.16pt x 433.62pt>
File: figures/comparison_flat_radome/gainE_3_GHz.png Graphic file (type png)
<use figures/comparison_flat_radome/gainE_3_GHz.png>
Package pdftex.def Info: figures/comparison_flat_radome/gainE_3_GHz.png  used on input line 166.
(pdftex.def)             Requested size: 452.9679pt x 339.72418pt.
 [34pdfTeX warning (ext4): destination with the same identifier (name{figure.6.14}) has been already used, duplicate ignored
<argument> ...shipout:D \box_use:N \l_shipout_box 
                                                  \__shipout_drop_firstpage_...
l.170 
       <./figures/comparison_flat_radome/vswr.png>]
<figures/comparison_flat_radome/gainE_6_GHz.png, id=540, 578.16pt x 433.62pt>
File: figures/comparison_flat_radome/gainE_6_GHz.png Graphic file (type png)
<use figures/comparison_flat_radome/gainE_6_GHz.png>
Package pdftex.def Info: figures/comparison_flat_radome/gainE_6_GHz.png  used on input line 175.
(pdftex.def)             Requested size: 452.9679pt x 339.72418pt.
 [35pdfTeX warning (ext4): destination with the same identifier (name{figure.6.15}) has been already used, duplicate ignored
<argument> ...shipout:D \box_use:N \l_shipout_box 
                                                  \__shipout_drop_firstpage_...
l.179 
       <./figures/comparison_flat_radome/gainE_3_GHz.png>]
<figures/comparison_flat_radome/gainE_9_GHz.png, id=547, 578.16pt x 433.62pt>
File: figures/comparison_flat_radome/gainE_9_GHz.png Graphic file (type png)
<use figures/comparison_flat_radome/gainE_9_GHz.png>
Package pdftex.def Info: figures/comparison_flat_radome/gainE_9_GHz.png  used on input line 184.
(pdftex.def)             Requested size: 452.9679pt x 339.72418pt.
 [36pdfTeX warning (ext4): destination with the same identifier (name{figure.6.16}) has been already used, duplicate ignored
<argument> ...shipout:D \box_use:N \l_shipout_box 
                                                  \__shipout_drop_firstpage_...
l.188 
       <./figures/comparison_flat_radome/gainE_6_GHz.png>]
<figures/comparison_flat_radome/gainH_3_GHz.png, id=555, 578.16pt x 433.62pt>
File: figures/comparison_flat_radome/gainH_3_GHz.png Graphic file (type png)
<use figures/comparison_flat_radome/gainH_3_GHz.png>
Package pdftex.def Info: figures/comparison_flat_radome/gainH_3_GHz.png  used on input line 197.
(pdftex.def)             Requested size: 452.9679pt x 339.72418pt.
 [37pdfTeX warning (ext4): destination with the same identifier (name{figure.6.17}) has been already used, duplicate ignored
<argument> ...shipout:D \box_use:N \l_shipout_box 
                                                  \__shipout_drop_firstpage_...
l.201 
       <./figures/comparison_flat_radome/gainE_9_GHz.png>]
<figures/comparison_flat_radome/gainH_6_GHz.png, id=562, 578.16pt x 433.62pt>
File: figures/comparison_flat_radome/gainH_6_GHz.png Graphic file (type png)
<use figures/comparison_flat_radome/gainH_6_GHz.png>
Package pdftex.def Info: figures/comparison_flat_radome/gainH_6_GHz.png  used on input line 206.
(pdftex.def)             Requested size: 452.9679pt x 339.72418pt.
 [38pdfTeX warning (ext4): destination with the same identifier (name{figure.6.18}) has been already used, duplicate ignored
<argument> ...shipout:D \box_use:N \l_shipout_box 
                                                  \__shipout_drop_firstpage_...
l.210 
       <./figures/comparison_flat_radome/gainH_3_GHz.png>]
<figures/comparison_flat_radome/gainH_9_GHz.png, id=570, 578.16pt x 433.62pt>
File: figures/comparison_flat_radome/gainH_9_GHz.png Graphic file (type png)
<use figures/comparison_flat_radome/gainH_9_GHz.png>
Package pdftex.def Info: figures/comparison_flat_radome/gainH_9_GHz.png  used on input line 215.
(pdftex.def)             Requested size: 452.9679pt x 339.72418pt.
 [39pdfTeX warning (ext4): destination with the same identifier (name{figure.6.19}) has been already used, duplicate ignored
<argument> ...shipout:D \box_use:N \l_shipout_box 
                                                  \__shipout_drop_firstpage_...
l.219 
       <./figures/comparison_flat_radome/gainH_6_GHz.png>]
<figures/comparison_flat_radome/gain_E_polar.png, id=577, 578.16pt x 433.62pt>
File: figures/comparison_flat_radome/gain_E_polar.png Graphic file (type png)
<use figures/comparison_flat_radome/gain_E_polar.png>
Package pdftex.def Info: figures/comparison_flat_radome/gain_E_polar.png  used on input line 226.
(pdftex.def)             Requested size: 452.9679pt x 339.72418pt.
 [40pdfTeX warning (ext4): destination with the same identifier (name{figure.6.20}) has been already used, duplicate ignored
<argument> ...shipout:D \box_use:N \l_shipout_box 
                                                  \__shipout_drop_firstpage_...
l.230 
       <./figures/comparison_flat_radome/gainH_9_GHz.png>]
<figures/comparison_flat_radome/gain_H_polar.png, id=584, 578.16pt x 433.62pt>
File: figures/comparison_flat_radome/gain_H_polar.png Graphic file (type png)
<use figures/comparison_flat_radome/gain_H_polar.png>
Package pdftex.def Info: figures/comparison_flat_radome/gain_H_polar.png  used on input line 235.
(pdftex.def)             Requested size: 452.9679pt x 339.72418pt.
 [41pdfTeX warning (ext4): destination with the same identifier (name{figure.6.21}) has been already used, duplicate ignored
<argument> ...shipout:D \box_use:N \l_shipout_box 
                                                  \__shipout_drop_firstpage_...
l.239 
       <./figures/comparison_flat_radome/gain_E_polar.png>]
<figures/with_radome/Co.jpeg, id=591, 1589.94pt x 621.32124pt>
File: figures/with_radome/Co.jpeg Graphic file (type jpg)
<use figures/with_radome/Co.jpeg>
Package pdftex.def Info: figures/with_radome/Co.jpeg  used on input line 246.
(pdftex.def)             Requested size: 452.9679pt x 177.01202pt.
 [42pdfTeX warning (ext4): destination with the same identifier (name{figure.6.22}) has been already used, duplicate ignored
<argument> ...shipout:D \box_use:N \l_shipout_box 
                                                  \__shipout_drop_firstpage_...
l.250 
       <./figures/comparison_flat_radome/gain_H_polar.png>]
<figures/with_radome/Cross.jpeg, id=598, 1589.94pt x 621.32124pt>
File: figures/with_radome/Cross.jpeg Graphic file (type jpg)
<use figures/with_radome/Cross.jpeg>
Package pdftex.def Info: figures/with_radome/Cross.jpeg  used on input line 253.
(pdftex.def)             Requested size: 452.9679pt x 177.01202pt.
 [43pdfTeX warning (ext4): destination with the same identifier (name{figure.6.23}) has been already used, duplicate ignored
<argument> ...shipout:D \box_use:N \l_shipout_box 
                                                  \__shipout_drop_firstpage_...
l.264 \newpage
              pdfTeX warning (ext4): destination with the same identifier (name{figure.6.24}) has been already used, duplicate ignored
<argument> ...shipout:D \box_use:N \l_shipout_box 
                                                  \__shipout_drop_firstpage_...
l.264 \newpage
               <./figures/with_radome/Co.jpeg> <./figures/with_radome/Cross.jpeg>]) (./chapters/conclusion.tex [44]
Chapter 7.
) (./chapters/acknowledgements.tex [45

]) (./main.bbl [46

]) [47

] (./main.aux)
Package rerunfilecheck Info: File `main.out' has not changed.
(rerunfilecheck)             Checksum: 0E0951B896E8541CF8BF1112C8D4C417;7965.
 ) 
Here is how much of TeX's memory you used:
 11340 strings out of 480171
 178190 string characters out of 5894489
 471953 words of memory out of 5000000
 28919 multiletter control sequences out of 15000+600000
 479981 words of font info for 67 fonts, out of 8000000 for 9000
 59 hyphenation exceptions out of 8191
 60i,13n,63p,996b,419s stack positions out of 5000i,500n,10000p,200000b,80000s
 </home/manohara/.texlive2021/texmf-var/fonts/pk/ljfour/jknappen/ec/tcrm1095.600pk> </home/manohara/.texlive2021/texmf-var/fonts/pk/ljfour/jknappen/ec/tcrm0900.600pk></usr/share/texlive/texmf-dist/fonts/type1/public/amsfonts/cm/cmbx10.pfb></usr/share/texlive/texmf-dist/fonts/type1/public/amsfonts/cm/cmbx12.pfb></usr/share/texlive/texmf-dist/fonts/type1/public/amsfonts/cm/cmbx9.pfb></usr/share/texlive/texmf-dist/fonts/type1/public/amsfonts/cm/cmex10.pfb></usr/share/texlive/texmf-dist/fonts/type1/public/amsfonts/cm/cmmi10.pfb></usr/share/texlive/texmf-dist/fonts/type1/public/amsfonts/cm/cmmi12.pfb></usr/share/texlive/texmf-dist/fonts/type1/public/amsfonts/cm/cmmi6.pfb></usr/share/texlive/texmf-dist/fonts/type1/public/amsfonts/cm/cmmi8.pfb></usr/share/texlive/texmf-dist/fonts/type1/public/amsfonts/cm/cmr10.pfb></usr/share/texlive/texmf-dist/fonts/type1/public/amsfonts/cm/cmr6.pfb></usr/share/texlive/texmf-dist/fonts/type1/public/amsfonts/cm/cmr8.pfb></usr/share/texlive/texmf-dist/fonts/type1/public/amsfonts/cm/cmr9.pfb></usr/share/texlive/texmf-dist/fonts/type1/public/amsfonts/cm/cmsy10.pfb></usr/share/texlive/texmf-dist/fonts/type1/public/amsfonts/cm/cmsy8.pfb></usr/share/texlive/texmf-dist/fonts/type1/public/amsfonts/cm/cmti10.pfb></usr/share/texlive/texmf-dist/fonts/type1/public/amsfonts/cm/cmtt9.pfb></usr/share/texlive/texmf-dist/fonts/type1/public/amsfonts/symbols/msbm10.pfb>
Output written on main.pdf (48 pages, 7840670 bytes).
PDF statistics:
 750 PDF objects out of 1000 (max. 8388607)
 608 compressed objects within 7 object streams
 152 named destinations out of 1000 (max. 500000)
 484 words of extra memory for PDF output out of 10000 (max. 10000000)

